Warning: No display specified.  You will not be able to display graphics on the screen.

                            < M A T L A B (R) >
                  Copyright 1984-2012 The MathWorks, Inc.
                    R2012a (7.14.0.739) 64-bit (glnxa64)
                              February 9, 2012

 
To get started, type one of these: helpwin, helpdesk, or demo.
For product information, visit www.mathworks.com.
 
>> >> >> >> >> >> >> 
wordvecpath =

/home/huhao/dssm/output/doc_vec.txt

>> 
flagpath =

/home/huhao/dssm/output/doc_flag.txt

>> 
cd =

    45

>> 
od =

    45

>> 
fw =

     3

>> 
gama =

    10

>> 
eta =

     1

>> >> >> >> >> >> >> >> >> >> >> >> >> >> >> >>      1

>> >> >> >> >> >> 